<?xml version="1.0" encoding="UTF-8"?>
<!-- Generated by org.testng.reporters.JUnitReportReporter -->
<testsuite hostname="DESKTOP-A66MK7D" failures="0" tests="3" name="testNG_Study.Annotation_1" time="0.013" errors="0" timestamp="2022-03-21T16:14:37 IST" skipped="0">
  <testcase classname="testNG_Study.Annotation_1" name="b1" time="0.005"/>
  <system-out>
    <![CDATA[Running Script 2]]>
  </system-out>
  <testcase classname="testNG_Study.Annotation_1" name="c2" time="0.002"/>
  <system-out>
    <![CDATA[Running Script 3]]>
  </system-out>
  <testcase classname="testNG_Study.Annotation_1" name="a3" time="0.006"/>
  <system-out>
    <![CDATA[Running Script 1]]>
  </system-out>
</testsuite> <!-- testNG_Study.Annotation_1 -->
