<?xml version="1.0" encoding="UTF-8"?>
<!-- Generated by org.testng.reporters.JUnitReportReporter -->
<testsuite hostname="DESKTOP-A66MK7D" failures="0" tests="1" name="kiteAppTestClasses.KiteAppPassErrorMsgValidation" time="1.984" errors="0" timestamp="2022-03-30T11:57:27 IST" skipped="0">
  <testcase classname="kiteAppTestClasses.KiteAppPassErrorMsgValidation" name="validatePassErrorMsg" time="1.984"/>
  <system-out>
    <![CDATA[Screenshot taken for Tc100
Password Error Msg is Matched]]>
  </system-out>
</testsuite> <!-- kiteAppTestClasses.KiteAppPassErrorMsgValidation -->
