<?xml version="1.0" encoding="UTF-8"?>
<!-- Generated by org.testng.reporters.JUnitReportReporter -->
<testsuite hostname="DESKTOP-A66MK7D" failures="0" tests="1" name="assertInTestNG.AssertNotNull_study" time="0.009" errors="0" timestamp="2022-03-23T18:45:30 IST" skipped="0">
  <testcase classname="assertInTestNG.AssertNotNull_study" name="f" time="0.009"/>
  <system-out/>
</testsuite> <!-- assertInTestNG.AssertNotNull_study -->
