<?xml version="1.0" encoding="UTF-8"?>
<!-- Generated by org.testng.reporters.JUnitReportReporter -->
<testsuite hostname="DESKTOP-A66MK7D" failures="0" tests="3" name="testNG_Study.Annotations" time="0.011" errors="0" timestamp="2022-03-21T11:57:57 IST" skipped="0">
  <testcase classname="testNG_Study.Annotations" name="sampleTest" time="0.004"/>
  <system-out>
    <![CDATA[Running Sample Test]]>
  </system-out>
  <testcase classname="testNG_Study.Annotations" name="validateUserId" time="0.003"/>
  <system-out>
    <![CDATA[Running Test]]>
  </system-out>
  <testcase classname="testNG_Study.Annotations" name="addFunds" time="0.004"/>
  <system-out>
    <![CDATA[Adding Funds]]>
  </system-out>
</testsuite> <!-- testNG_Study.Annotations -->
