<?xml version="1.0" encoding="UTF-8"?>
<!-- Generated by org.testng.reporters.JUnitReportReporter -->
<testsuite hostname="DESKTOP-A66MK7D" failures="0" tests="1" name="kiteAppTestClasses.KiteUserIdAndPassErrorMsgValidate" time="1.529" errors="0" timestamp="2022-03-30T11:57:40 IST" skipped="0">
  <testcase classname="kiteAppTestClasses.KiteUserIdAndPassErrorMsgValidate" name="validateErrorMsg" time="1.529"/>
  <system-out>
    <![CDATA[Validation Successfull
Screenshot taken for Tc90]]>
  </system-out>
</testsuite> <!-- kiteAppTestClasses.KiteUserIdAndPassErrorMsgValidate -->
