<?xml version="1.0" encoding="UTF-8"?>
<!-- Generated by org.testng.reporters.JUnitReportReporter -->
<testsuite hostname="DESKTOP-A66MK7D" failures="0" tests="1" name="assertInTestNG.AssertTrue_study" time="0.007" errors="0" timestamp="2022-03-23T18:36:11 IST" skipped="0">
  <testcase classname="assertInTestNG.AssertTrue_study" name="method" time="0.007"/>
  <system-out/>
</testsuite> <!-- assertInTestNG.AssertTrue_study -->
