<?xml version="1.0" encoding="UTF-8"?>
<!-- Generated by org.testng.reporters.JUnitReportReporter -->
<testsuite hostname="DESKTOP-A66MK7D" failures="0" tests="1" name="kiteAppTestClasses.kiteAppUserIdErrorMsg" time="2.126" errors="0" timestamp="2022-03-29T14:28:58 IST" skipped="0">
  <testcase classname="kiteAppTestClasses.kiteAppUserIdErrorMsg" name="validateErrorMsg" time="2.126"/>
  <system-out>
    <![CDATA[Validate successfull
Screenshot taken for Tc444]]>
  </system-out>
</testsuite> <!-- kiteAppTestClasses.kiteAppUserIdErrorMsg -->
