<?xml version="1.0" encoding="UTF-8"?>
<!-- Generated by org.testng.reporters.JUnitReportReporter -->
<testsuite hostname="DESKTOP-A66MK7D" failures="0" tests="4" name="testNG_Keywords.Invocation_counts" time="0.012" errors="0" timestamp="2022-03-21T12:28:04 IST" skipped="0">
  <testcase classname="testNG_Keywords.Invocation_counts" name="TC1" time="0.003"/>
  <system-out>
    <![CDATA[TC1 Running...]]>
  </system-out>
  <testcase classname="testNG_Keywords.Invocation_counts" name="TC2" time="0.001"/>
  <system-out>
    <![CDATA[TC2 Running...]]>
  </system-out>
  <testcase classname="testNG_Keywords.Invocation_counts" name="TC1" time="0.004"/>
  <system-out>
    <![CDATA[TC1 Running...]]>
  </system-out>
  <testcase classname="testNG_Keywords.Invocation_counts" name="TC1" time="0.004"/>
  <system-out>
    <![CDATA[TC1 Running...]]>
  </system-out>
</testsuite> <!-- testNG_Keywords.Invocation_counts -->
