<?xml version="1.0" encoding="UTF-8"?>
<!-- Generated by org.testng.reporters.JUnitReportReporter -->
<testsuite hostname="DESKTOP-A66MK7D" failures="0" tests="1" name="serialAndParallelExe.Test2" time="3.784" errors="0" timestamp="2022-03-24T09:07:48 IST" skipped="0">
  <testcase classname="serialAndParallelExe.Test2" name="myMethod2" time="3.784"/>
  <system-out/>
</testsuite> <!-- serialAndParallelExe.Test2 -->
