<?xml version="1.0" encoding="UTF-8"?>
<!-- Generated by org.testng.reporters.JUnitReportReporter -->
<testsuite hostname="DESKTOP-A66MK7D" failures="0" tests="2" name="kitePOMTestNG.kiteTestUsingTestNGclass" time="7.187" errors="0" timestamp="2022-03-28T17:09:17 IST" skipped="0">
  <testcase classname="kitePOMTestNG.kiteTestUsingTestNGclass" name="validateUserId" time="3.758"/>
  <system-out>
    <![CDATA[UserID is Match,TC is Pass.]]>
  </system-out>
  <testcase classname="kitePOMTestNG.kiteTestUsingTestNGclass" name="validateUserId" time="3.429"/>
  <system-out>
    <![CDATA[UserID is Match,TC is Pass.]]>
  </system-out>
</testsuite> <!-- kitePOMTestNG.kiteTestUsingTestNGclass -->
