<?xml version="1.0" encoding="UTF-8"?>
<!-- Generated by org.testng.reporters.JUnitReportReporter -->
<testsuite hostname="DESKTOP-A66MK7D" failures="0" tests="1" name="kiteAppTestClasses.kiteAppUserIdErrorMsgValidation" time="1.608" errors="0" timestamp="2022-03-29T14:37:28 IST" skipped="0">
  <testcase classname="kiteAppTestClasses.kiteAppUserIdErrorMsgValidation" name="validateErrorMsg" time="1.608"/>
  <system-out>
    <![CDATA[Validate successfull
Screenshot taken for Tc444]]>
  </system-out>
</testsuite> <!-- kiteAppTestClasses.kiteAppUserIdErrorMsgValidation -->
