<?xml version="1.0" encoding="UTF-8"?>
<!-- Generated by org.testng.reporters.JUnitReportReporter -->
<testsuite hostname="DESKTOP-A66MK7D" failures="0" tests="2" name="testNG_Keywords.Enable_study" time="0.009" errors="0" timestamp="2022-03-21T12:48:26 IST" skipped="1">
  <testcase classname="testNG_Keywords.Enable_study" name="TC1" time="0.009"/>
  <system-out>
    <![CDATA[TC Method 1...]]>
  </system-out>
  <testcase classname="testNG_Keywords.Enable_study" name="TC2">
    <skipped/>
  </testcase> <!-- TC2 -->
  <system-out/>
</testsuite> <!-- testNG_Keywords.Enable_study -->
