<?xml version="1.0" encoding="UTF-8"?>
<!-- Generated by org.testng.reporters.JUnitReportReporter -->
<testsuite hostname="DESKTOP-A66MK7D" failures="0" tests="3" name="testNgXmlStudy.MyClass" time="0.012" errors="0" timestamp="2022-03-22T13:53:30 IST" skipped="0">
  <testcase classname="testNgXmlStudy.MyClass" name="TC3" time="0.002"/>
  <system-out>
    <![CDATA[Running TC3....]]>
  </system-out>
  <testcase classname="testNgXmlStudy.MyClass" name="TC1" time="0.007"/>
  <system-out>
    <![CDATA[Running TC1....]]>
  </system-out>
  <testcase classname="testNgXmlStudy.MyClass" name="TC5" time="0.003"/>
  <system-out>
    <![CDATA[Running TC5....]]>
  </system-out>
</testsuite> <!-- testNgXmlStudy.MyClass -->
