<?xml version="1.0" encoding="UTF-8"?>
<!-- Generated by org.testng.reporters.JUnitReportReporter -->
<testsuite hostname="DESKTOP-A66MK7D" failures="0" tests="1" name="testNG_Study.NewTestNG" time="0.001" errors="0" timestamp="2022-03-22T12:23:13 IST" skipped="0">
  <testcase classname="testNG_Study.NewTestNG" name="second" time="0.001"/>
  <system-out>
    <![CDATA[Transaction Completed]]>
  </system-out>
</testsuite> <!-- testNG_Study.NewTestNG -->
