<?xml version="1.0" encoding="UTF-8"?>
<!-- Generated by org.testng.reporters.JUnitReportReporter -->
<testsuite hostname="DESKTOP-A66MK7D" failures="0" tests="5" name="testNG_Keywords.Priority_study" time="0.016" errors="0" timestamp="2022-03-21T12:39:41 IST" skipped="0">
  <testcase classname="testNG_Keywords.Priority_study" name="e" time="0.007"/>
  <system-out>
    <![CDATA[TC5 Running...]]>
  </system-out>
  <testcase classname="testNG_Keywords.Priority_study" name="c" time="0.003"/>
  <system-out>
    <![CDATA[TC3 Running...]]>
  </system-out>
  <testcase classname="testNG_Keywords.Priority_study" name="d" time="0.002"/>
  <system-out>
    <![CDATA[TC4 Running...]]>
  </system-out>
  <testcase classname="testNG_Keywords.Priority_study" name="b" time="0.002"/>
  <system-out>
    <![CDATA[TC2 Running...]]>
  </system-out>
  <testcase classname="testNG_Keywords.Priority_study" name="a" time="0.002"/>
  <system-out>
    <![CDATA[TC1 Running...]]>
  </system-out>
</testsuite> <!-- testNG_Keywords.Priority_study -->
