<?xml version="1.0" encoding="UTF-8"?>
<!-- Generated by org.testng.reporters.JUnitReportReporter -->
<testsuite hostname="DESKTOP-A66MK7D" failures="0" tests="2" name="testNG_Study.Practice" time="0.009" errors="0" timestamp="2022-03-19T21:04:07 IST" skipped="0">
  <testcase classname="testNG_Study.Practice" name="f1" time="0.007"/>
  <system-out/>
  <testcase classname="testNG_Study.Practice" name="f2" time="0.002"/>
  <system-out>
    <![CDATA[Process in Progress]]>
  </system-out>
</testsuite> <!-- testNG_Study.Practice -->
