<?xml version="1.0" encoding="UTF-8"?>
<!-- Generated by org.testng.reporters.JUnitReportReporter -->
<testsuite hostname="DESKTOP-A66MK7D" failures="0" tests="1" name="serialAndParallelExe.Test3" time="3.864" errors="0" timestamp="2022-03-24T09:07:48 IST" skipped="0">
  <testcase classname="serialAndParallelExe.Test3" name="myMethod3" time="3.864"/>
  <system-out/>
</testsuite> <!-- serialAndParallelExe.Test3 -->
