<?xml version="1.0" encoding="UTF-8"?>
<!-- Generated by org.testng.reporters.JUnitReportReporter -->
<testsuite hostname="DESKTOP-A66MK7D" failures="0" tests="2" name="crossBrowserTest.CrossBrowser" time="25.141" errors="0" timestamp="2022-03-25T11:52:01 IST" skipped="0">
  <testcase classname="crossBrowserTest.CrossBrowser" name="CrossBrowser" time="15.158"/>
  <system-out/>
  <testcase classname="crossBrowserTest.CrossBrowser" name="CrossBrowser" time="9.983"/>
  <system-out/>
</testsuite> <!-- crossBrowserTest.CrossBrowser -->
