<?xml version="1.0" encoding="UTF-8"?>
<!-- Generated by org.testng.reporters.JUnitReportReporter -->
<testsuite hostname="DESKTOP-A66MK7D" failures="0" tests="1" name="serialAndParallelExe.Test1" time="3.514" errors="0" timestamp="2022-03-24T09:07:48 IST" skipped="0">
  <testcase classname="serialAndParallelExe.Test1" name="myMethod1" time="3.514"/>
  <system-out/>
</testsuite> <!-- serialAndParallelExe.Test1 -->
