<?xml version="1.0" encoding="UTF-8"?>
<!-- Generated by org.testng.reporters.JUnitReportReporter -->
<testsuite hostname="DESKTOP-A66MK7D" failures="0" tests="1" name="testNG_Study.FireFoxTest" time="6.074" errors="0" timestamp="2022-03-24T12:02:49 IST" skipped="0">
  <testcase classname="testNG_Study.FireFoxTest" name="f" time="6.074"/>
  <system-out/>
</testsuite> <!-- testNG_Study.FireFoxTest -->
